<?xml version="1.0" encoding="UTF-8"?>
<!-- Generated by org.testng.reporters.JUnitReportReporter -->
<testsuite hostname="DESKTOP-ABCLBFR" failures="0" tests="1" name="AlchemyLMS.TestCase8" time="30.017" errors="0" timestamp="2020-08-27T19:43:33 IST" skipped="0">
  <testcase classname="AlchemyLMS.TestCase8" name="contactUs" time="30.017"/>
  <system-out>
Message displayed is: Thanks for contacting us! We will be in touch with you shortly.  </system-out>
</testsuite> <!-- AlchemyLMS.TestCase8 -->
