<?xml version="1.0" encoding="UTF-8"?>
<!-- Generated by org.testng.reporters.JUnitReportReporter -->
<testsuite hostname="DESKTOP-ABCLBFR" failures="0" tests="1" name="AlchemyLMS.TestCase1" time="23.849" errors="0" timestamp="2020-08-27T20:13:55 IST" skipped="0">
  <testcase classname="AlchemyLMS.TestCase1" name="VerifyWebsiteTitle" time="23.849"/>
  <system-out/>
</testsuite> <!-- AlchemyLMS.TestCase1 -->
