<?xml version="1.0" encoding="UTF-8"?>
<!-- Generated by org.testng.reporters.JUnitReportReporter -->
<testsuite hostname="DESKTOP-ABCLBFR" failures="0" tests="1" name="AlchemyLMS.TestCase9" time="25.675" errors="0" timestamp="2020-08-27T20:09:17 IST" skipped="0">
  <testcase classname="AlchemyLMS.TestCase9" name="completeLesson" time="25.675"/>
  <system-out>
Message displayed is: Social Media Marketing â€“ Alchemy LMS  </system-out>
</testsuite> <!-- AlchemyLMS.TestCase9 -->
