<?xml version="1.0" encoding="UTF-8"?>
<!-- Generated by org.testng.reporters.JUnitReportReporter -->
<testsuite hostname="DESKTOP-ABCLBFR" failures="0" tests="1" name="AlchemyLMS.TestCase1_WebsiteTitle" time="24.762" errors="0" timestamp="2020-08-25T13:43:05 IST" skipped="0">
  <testcase classname="AlchemyLMS.TestCase1_WebsiteTitle" name="VerifyWebsiteTitleTestCase" time="24.762"/>
  <system-out/>
</testsuite> <!-- AlchemyLMS.TestCase1_WebsiteTitle -->
