<?xml version="1.0" encoding="UTF-8"?>
<!-- Generated by org.testng.reporters.JUnitReportReporter -->
<testsuite hostname="DESKTOP-ABCLBFR" failures="0" tests="1" name="AlchemyLMS.TestCase4_VerifyTitleOfSecondMostPopularCourse" time="35.318" errors="0" timestamp="2020-08-26T11:29:22 IST" skipped="0">
  <testcase classname="AlchemyLMS.TestCase4_VerifyTitleOfSecondMostPopularCourse" name="VerifyTitleOfSecondMostPopularCourse" time="35.318"/>
  <system-out/>
</testsuite> <!-- AlchemyLMS.TestCase4_VerifyTitleOfSecondMostPopularCourse -->
