<?xml version="1.0" encoding="UTF-8"?>
<!-- Generated by org.testng.reporters.JUnitReportReporter -->
<testsuite hostname="DESKTOP-ABCLBFR" failures="0" tests="1" name="AlchemyLMS.TestCase6_VerifyLoginScenario" time="43.348" errors="0" timestamp="2020-08-27T17:46:32 IST" skipped="0">
  <testcase classname="AlchemyLMS.TestCase6_VerifyLoginScenario" name="VerifyMyAccountPage" time="43.348"/>
  <system-out/>
</testsuite> <!-- AlchemyLMS.TestCase6_VerifyLoginScenario -->
