<?xml version="1.0" encoding="UTF-8"?>
<!-- Generated by org.testng.reporters.JUnitReportReporter -->
<testsuite hostname="DESKTOP-ABCLBFR" failures="0" tests="1" name="AlchemyLMS.TestCase2_VerifyWebsiteHeading" time="57.836" errors="0" timestamp="2020-08-26T13:10:39 IST" skipped="0">
  <testcase classname="AlchemyLMS.TestCase2_VerifyWebsiteHeading" name="VerifyWebsiteHeading" time="57.836"/>
  <system-out/>
</testsuite> <!-- AlchemyLMS.TestCase2_VerifyWebsiteHeading -->
