<?xml version="1.0" encoding="UTF-8"?>
<!-- Generated by org.testng.reporters.JUnitReportReporter -->
<testsuite hostname="DESKTOP-ABCLBFR" failures="0" tests="1" name="AlchemyLMS.TestCase3_VerifyTitleOfFirstInfoBox" time="28.346" errors="0" timestamp="2020-08-25T23:19:23 IST" skipped="0">
  <testcase classname="AlchemyLMS.TestCase3_VerifyTitleOfFirstInfoBox" name="VerifyTitleOfTheBox" time="28.346"/>
  <system-out/>
</testsuite> <!-- AlchemyLMS.TestCase3_VerifyTitleOfFirstInfoBox -->
