<?xml version="1.0" encoding="UTF-8"?>
<!-- Generated by org.testng.reporters.JUnitReportReporter -->
<testsuite hostname="DESKTOP-ABCLBFR" failures="0" tests="1" name="AlchemyLMS.TestCase7" time="27.229" errors="0" timestamp="2020-08-27T18:12:10 IST" skipped="0">
  <testcase classname="AlchemyLMS.TestCase7" name="allCourseCount" time="27.229"/>
  <system-out>
Courses count is: 3  </system-out>
</testsuite> <!-- AlchemyLMS.TestCase7 -->
