<?xml version="1.0" encoding="UTF-8"?>
<!-- Generated by org.testng.reporters.JUnitReportReporter -->
<testsuite hostname="DESKTOP-ABCLBFR" failures="0" tests="1" name="AlchemyLMS.TestCase5_VerifyMyAccountPage" time="172.341" errors="0" timestamp="2020-08-26T13:16:21 IST" skipped="0">
  <testcase classname="AlchemyLMS.TestCase5_VerifyMyAccountPage" name="VerifyMyAccountPage" time="172.341"/>
  <system-out/>
</testsuite> <!-- AlchemyLMS.TestCase5_VerifyMyAccountPage -->
